<?xml version="1.0" encoding="UTF-8"?>
<testng-results skipped="0" failed="1" ignored="0" total="1" passed="0">
  <reporter-output>
  </reporter-output>
  <suite name="Default suite" duration-ms="40836" started-at="2020-06-01T15:18:06Z" finished-at="2020-06-01T15:18:46Z">
    <groups>
    </groups>
    <test name="Default test" duration-ms="40836" started-at="2020-06-01T15:18:06Z" finished-at="2020-06-01T15:18:46Z">
      <class name="MMT.TestCaseThree">
        <test-method status="PASS" signature="initiateDriverInstance()[pri:0, instance:MMT.TestCaseThree@4f7d0008]" name="initiateDriverInstance" is-config="true" duration-ms="3990" started-at="2020-06-01T15:18:06Z" finished-at="2020-06-01T15:18:09Z">
          <reporter-output>
          </reporter-output>
        </test-method> <!-- initiateDriverInstance -->
        <test-method status="PASS" signature="setExtentConfig()[pri:0, instance:MMT.TestCaseThree@4f7d0008]" name="setExtentConfig" is-config="true" duration-ms="180" started-at="2020-06-01T15:18:09Z" depends-on-methods="Resources.DriverSource.initiateDriverInstance" finished-at="2020-06-01T15:18:10Z">
          <reporter-output>
          </reporter-output>
        </test-method> <!-- setExtentConfig -->
        <test-method status="PASS" signature="readProperties()[pri:0, instance:MMT.TestCaseThree@4f7d0008]" name="readProperties" is-config="true" duration-ms="8" started-at="2020-06-01T15:18:10Z" finished-at="2020-06-01T15:18:10Z">
          <reporter-output>
          </reporter-output>
        </test-method> <!-- readProperties -->
        <test-method status="FAIL" signature="testCaseThree()[pri:0, instance:MMT.TestCaseThree@4f7d0008]" name="testCaseThree" duration-ms="34570" started-at="2020-06-01T15:18:10Z" finished-at="2020-06-01T15:18:44Z">
          <exception class="org.openqa.selenium.TimeoutException">
            <message>
              <![CDATA[Expected condition failed: waiting for visibility of all elements located by By.xpath: //div[@class='DayPicker-Month'][1] (tried for 20 second(s) with 500 milliseconds interval)
Build info: version: '3.141.59', revision: 'e82be7d358', time: '2018-11-14T08:17:03'
System info: host: 'PC', ip: '192.168.31.233', os.name: 'Windows 8.1', os.arch: 'amd64', os.version: '6.3', java.version: '1.8.0_241'
Driver info: org.openqa.selenium.chrome.ChromeDriver
Capabilities {acceptInsecureCerts: false, browserName: chrome, browserVersion: 83.0.4103.61, chrome: {chromedriverVersion: 83.0.4103.39 (ccbf011cb2d2b..., userDataDir: C:\Users\Admin\AppData\Loca...}, goog:chromeOptions: {debuggerAddress: localhost:49210}, javascriptEnabled: true, networkConnectionEnabled: false, pageLoadStrategy: normal, platform: WINDOWS, platformName: WINDOWS, proxy: Proxy(), setWindowRect: true, strictFileInteractability: false, timeouts: {implicit: 0, pageLoad: 300000, script: 30000}, unhandledPromptBehavior: dismiss and notify, webauthn:virtualAuthenticators: true}
Session ID: 92f6775514a18d84da63e1e7d5e7f037]]>
            </message>
            <full-stacktrace>
              <![CDATA[org.openqa.selenium.TimeoutException: Expected condition failed: waiting for visibility of all elements located by By.xpath: //div[@class='DayPicker-Month'][1] (tried for 20 second(s) with 500 milliseconds interval)
Build info: version: '3.141.59', revision: 'e82be7d358', time: '2018-11-14T08:17:03'
System info: host: 'PC', ip: '192.168.31.233', os.name: 'Windows 8.1', os.arch: 'amd64', os.version: '6.3', java.version: '1.8.0_241'
Driver info: org.openqa.selenium.chrome.ChromeDriver
Capabilities {acceptInsecureCerts: false, browserName: chrome, browserVersion: 83.0.4103.61, chrome: {chromedriverVersion: 83.0.4103.39 (ccbf011cb2d2b..., userDataDir: C:\Users\Admin\AppData\Loca...}, goog:chromeOptions: {debuggerAddress: localhost:49210}, javascriptEnabled: true, networkConnectionEnabled: false, pageLoadStrategy: normal, platform: WINDOWS, platformName: WINDOWS, proxy: Proxy(), setWindowRect: true, strictFileInteractability: false, timeouts: {implicit: 0, pageLoad: 300000, script: 30000}, unhandledPromptBehavior: dismiss and notify, webauthn:virtualAuthenticators: true}
Session ID: 92f6775514a18d84da63e1e7d5e7f037
at org.openqa.selenium.support.ui.WebDriverWait.timeoutException(WebDriverWait.java:95)
at org.openqa.selenium.support.ui.FluentWait.until(FluentWait.java:272)
at Pages.BasePage.findElements(BasePage.java:94)
at Pages.BasePage.datePicker(BasePage.java:121)
at Pages.HotelSelection.selectCheckin(HotelSelection.java:51)
at MMT.TestCaseThree.testCaseThree(TestCaseThree.java:50)
at sun.reflect.NativeMethodAccessorImpl.invoke0(Native Method)
at sun.reflect.NativeMethodAccessorImpl.invoke(Unknown Source)
at sun.reflect.DelegatingMethodAccessorImpl.invoke(Unknown Source)
at java.lang.reflect.Method.invoke(Unknown Source)
at org.testng.internal.MethodInvocationHelper.invokeMethod(MethodInvocationHelper.java:124)
at org.testng.internal.Invoker.invokeMethod(Invoker.java:583)
at org.testng.internal.Invoker.invokeTestMethod(Invoker.java:719)
at org.testng.internal.Invoker.invokeTestMethods(Invoker.java:989)
at org.testng.internal.TestMethodWorker.invokeTestMethods(TestMethodWorker.java:125)
at org.testng.internal.TestMethodWorker.run(TestMethodWorker.java:109)
at org.testng.TestRunner.privateRun(TestRunner.java:648)
at org.testng.TestRunner.run(TestRunner.java:505)
at org.testng.SuiteRunner.runTest(SuiteRunner.java:455)
at org.testng.SuiteRunner.runSequentially(SuiteRunner.java:450)
at org.testng.SuiteRunner.privateRun(SuiteRunner.java:415)
at org.testng.SuiteRunner.run(SuiteRunner.java:364)
at org.testng.SuiteRunnerWorker.runSuite(SuiteRunnerWorker.java:52)
at org.testng.SuiteRunnerWorker.run(SuiteRunnerWorker.java:84)
at org.testng.TestNG.runSuitesSequentially(TestNG.java:1208)
at org.testng.TestNG.runSuitesLocally(TestNG.java:1137)
at org.testng.TestNG.runSuites(TestNG.java:1049)
at org.testng.TestNG.run(TestNG.java:1017)
at org.testng.remote.AbstractRemoteTestNG.run(AbstractRemoteTestNG.java:115)
at org.testng.remote.RemoteTestNG.initAndRun(RemoteTestNG.java:251)
at org.testng.remote.RemoteTestNG.main(RemoteTestNG.java:77)
]]>
            </full-stacktrace>
          </exception> <!-- org.openqa.selenium.TimeoutException -->
          <reporter-output>
          </reporter-output>
        </test-method> <!-- testCaseThree -->
        <test-method status="PASS" signature="flushExtent()[pri:0, instance:MMT.TestCaseThree@4f7d0008]" name="flushExtent" is-config="true" duration-ms="612" started-at="2020-06-01T15:18:44Z" finished-at="2020-06-01T15:18:45Z">
          <reporter-output>
          </reporter-output>
        </test-method> <!-- flushExtent -->
        <test-method status="PASS" signature="closeResources()[pri:0, instance:MMT.TestCaseThree@4f7d0008]" name="closeResources" is-config="true" duration-ms="1441" started-at="2020-06-01T15:18:45Z" depends-on-methods="Utils.Reporting.flushExtent" finished-at="2020-06-01T15:18:46Z">
          <reporter-output>
          </reporter-output>
        </test-method> <!-- closeResources -->
      </class> <!-- MMT.TestCaseThree -->
    </test> <!-- Default test -->
  </suite> <!-- Default suite -->
</testng-results>
